<?xml version="1.0" encoding="UTF-8"?>
<!-- Generated by org.testng.reporters.JUnitReportReporter -->
<testsuite hostname="dell" failures="0" tests="1" name="TestCases.TC_Dashboard" time="3.723" errors="0" timestamp="27 Sep 2024 14:47:57 GMT">
  <testcase classname="TestCases.TC_Dashboard" name="loginTest1" time="3.723"/>
</testsuite> <!-- TestCases.TC_Dashboard -->
