<?xml version="1.0" encoding="UTF-8"?>
<!-- Generated by org.testng.reporters.JUnitReportReporter -->
<testsuite hostname="dell" failures="0" tests="2" name="TestCases.TC_RegisterPatients" time="4.255" errors="0" timestamp="27 Sep 2024 12:01:03 GMT">
  <testcase classname="TestCases.TC_RegisterPatients" name="loginTest1" time="4.084"/>
  <testcase classname="TestCases.TC_RegisterPatients" name="patients" time="0.171"/>
</testsuite> <!-- TestCases.TC_RegisterPatients -->
