<?xml version="1.0" encoding="UTF-8"?>
<!-- Generated by org.testng.reporters.JUnitReportReporter -->
<testsuite hostname="dell" failures="0" tests="1" name="PageObject.sfsdf" time="6.223" errors="0" timestamp="25 Sep 2024 15:14:53 GMT">
  <testcase classname="PageObject.sfsdf" name="calculateSum" time="6.223"/>
</testsuite> <!-- PageObject.sfsdf -->
