<?xml version="1.0" encoding="UTF-8"?>
<!-- Generated by org.testng.reporters.JUnitReportReporter -->
<testsuite hostname="dell" failures="0" tests="1" name="PageObject.CalculateSumTest" time="2.101" errors="0" timestamp="25 Sep 2024 16:49:42 GMT">
  <testcase classname="PageObject.CalculateSumTest" name="calculateSum" time="2.101"/>
</testsuite> <!-- PageObject.CalculateSumTest -->
