<?xml version="1.0" encoding="UTF-8"?>
<!-- Generated by org.testng.reporters.JUnitReportReporter -->
<testsuite hostname="dell" failures="0" tests="2" name="TestCases.TC_Register" time="12.973" errors="0" timestamp="27 Sep 2024 15:45:51 GMT">
  <testcase classname="TestCases.TC_Register" name="login" time="11.267"/>
  <testcase classname="TestCases.TC_Register" name="registerPatient" time="1.706"/>
</testsuite> <!-- TestCases.TC_Register -->
